03-16-2017 @ 05:56:30 - > > (488) Term Jewelry &amp; Watches (product_cat) exists? Array
(
    [term_id] => 203
    [term_taxonomy_id] => 203
)

03-16-2017 @ 05:56:30 - > > (488) Term Women&#039;s Watches (product_cat) exists? Array
(
    [term_id] => 206
    [term_taxonomy_id] => 206
)

03-16-2017 @ 05:56:36 - > > (488) Term Health &amp; Beauty (product_cat) exists? Array
(
    [term_id] => 173
    [term_taxonomy_id] => 173
)

03-16-2017 @ 05:56:36 - > > (488) Term Cosmetics (product_cat) exists? Array
(
    [term_id] => 176
    [term_taxonomy_id] => 176
)

03-16-2017 @ 05:56:36 - > > (488) Term Makeup (product_cat) exists? Array
(
    [term_id] => 178
    [term_taxonomy_id] => 178
)

03-16-2017 @ 05:56:36 - > > (488) Term Face Health &amp; Beauty (product_cat) exists? -
03-16-2017 @ 05:56:36 - > > (488) Term Makeup (product_cat) exists? -
03-16-2017 @ 06:01:17 - > > (488) Term Women&#039;s Clothing (product_cat) exists? Array
(
    [term_id] => 223
    [term_taxonomy_id] => 223
)

03-16-2017 @ 06:01:17 - > > (488) Term Women&#039;s Saree (product_cat) exists? Array
(
    [term_id] => 224
    [term_taxonomy_id] => 224
)

03-16-2017 @ 06:01:52 - > > (488) Term Women&#039;s Clothing (product_cat) exists? Array
(
    [term_id] => 223
    [term_taxonomy_id] => 223
)

03-16-2017 @ 06:01:52 - > > (488) Term Women&#039;s Saree (product_cat) exists? Array
(
    [term_id] => 224
    [term_taxonomy_id] => 224
)

03-16-2017 @ 06:02:49 - > > (488) Term Women&#039;s Clothing (product_cat) exists? Array
(
    [term_id] => 223
    [term_taxonomy_id] => 223
)

03-16-2017 @ 06:02:49 - > > (488) Term Women&#039;s Saree (product_cat) exists? Array
(
    [term_id] => 224
    [term_taxonomy_id] => 224
)

03-16-2017 @ 06:03:37 - > > (488) Term Health &amp; Beauty (product_cat) exists? Array
(
    [term_id] => 173
    [term_taxonomy_id] => 173
)

03-16-2017 @ 06:03:37 - > > (488) Term Cosmetics (product_cat) exists? Array
(
    [term_id] => 176
    [term_taxonomy_id] => 176
)

03-16-2017 @ 06:03:37 - > > (488) Term Winter Collection (product_cat) exists? Array
(
    [term_id] => 218
    [term_taxonomy_id] => 218
)

03-16-2017 @ 06:03:37 - > > (488) Term Cream (product_cat) exists? Array
(
    [term_id] => 219
    [term_taxonomy_id] => 219
)

03-16-2017 @ 06:03:46 - > > (488) Term Health &amp; Beauty (product_cat) exists? Array
(
    [term_id] => 173
    [term_taxonomy_id] => 173
)

03-16-2017 @ 06:03:46 - > > (488) Term Cosmetics (product_cat) exists? Array
(
    [term_id] => 176
    [term_taxonomy_id] => 176
)

03-16-2017 @ 06:03:46 - > > (488) Term Makeup (product_cat) exists? Array
(
    [term_id] => 178
    [term_taxonomy_id] => 178
)

03-16-2017 @ 06:03:46 - > > (488) Term Eye Health &amp; Beauty (product_cat) exists? -
03-16-2017 @ 06:04:01 - > > (488) Term Perfume &amp; Cologne (product_cat) exists? Array
(
    [term_id] => 188
    [term_taxonomy_id] => 188
)

03-16-2017 @ 06:04:01 - > > (488) Term Women&#039;s Perfumes (product_cat) exists? Array
(
    [term_id] => 192
    [term_taxonomy_id] => 192
)

03-16-2017 @ 06:04:07 - > > (488) Term Winter Collection (product_cat) exists? Array
(
    [term_id] => 218
    [term_taxonomy_id] => 218
)

03-16-2017 @ 06:04:07 - > > (488) Term Cream (product_cat) exists? Array
(
    [term_id] => 219
    [term_taxonomy_id] => 219
)

03-16-2017 @ 06:04:13 - > > (488) Term Face Wash (product_cat) exists? Array
(
    [term_id] => 220
    [term_taxonomy_id] => 220
)

03-16-2017 @ 06:04:17 - > > (488) Term Body Lotion (product_cat) exists? Array
(
    [term_id] => 175
    [term_taxonomy_id] => 175
)

03-16-2017 @ 06:04:27 - > > (488) Term Face Health &amp; Beauty (product_cat) exists? Array
(
    [term_id] => 229
    [term_taxonomy_id] => 229
)

03-16-2017 @ 06:04:27 - > > (488) Term Makeup (product_cat) exists? Array
(
    [term_id] => 230
    [term_taxonomy_id] => 230
)

03-16-2017 @ 06:04:40 - > > (488) Term Health &amp; Beauty (product_cat) exists? Array
(
    [term_id] => 173
    [term_taxonomy_id] => 173
)

03-16-2017 @ 06:04:40 - > > (488) Term Cosmetics (product_cat) exists? Array
(
    [term_id] => 176
    [term_taxonomy_id] => 176
)

03-16-2017 @ 06:04:47 - > > (488) Term Health &amp; Beauty (product_cat) exists? Array
(
    [term_id] => 173
    [term_taxonomy_id] => 173
)

03-16-2017 @ 06:04:47 - > > (488) Term Cosmetics (product_cat) exists? Array
(
    [term_id] => 176
    [term_taxonomy_id] => 176
)

03-16-2017 @ 06:05:19 - > > (488) Term Mug (product_cat) exists? Array
(
    [term_id] => 214
    [term_taxonomy_id] => 214
)

03-16-2017 @ 06:05:19 - > > (488) Term Magic Mug (product_cat) exists? Array
(
    [term_id] => 215
    [term_taxonomy_id] => 215
)

03-16-2017 @ 06:05:29 - > > (488) Term Jewelry &amp; Watches (product_cat) exists? Array
(
    [term_id] => 203
    [term_taxonomy_id] => 203
)

03-16-2017 @ 06:05:29 - > > (488) Term Jewelry (product_cat) exists? Array
(
    [term_id] => 204
    [term_taxonomy_id] => 204
)

03-16-2017 @ 06:06:04 - > > (488) Term Jewelry &amp; Watches (product_cat) exists? Array
(
    [term_id] => 203
    [term_taxonomy_id] => 203
)

03-16-2017 @ 06:06:04 - > > (488) Term Jewelry (product_cat) exists? Array
(
    [term_id] => 204
    [term_taxonomy_id] => 204
)

03-16-2017 @ 06:06:29 - > > (488) Term Men&#039;s Watches (product_cat) exists? Array
(
    [term_id] => 205
    [term_taxonomy_id] => 205
)

03-16-2017 @ 06:06:59 - > > (488) Term Jewelry &amp; Watches (product_cat) exists? Array
(
    [term_id] => 203
    [term_taxonomy_id] => 203
)

03-16-2017 @ 06:06:59 - > > (488) Term Men&#039;s Watches (product_cat) exists? Array
(
    [term_id] => 205
    [term_taxonomy_id] => 205
)

03-16-2017 @ 06:07:34 - > > (488) Term Men&#039; Fashion (product_cat) exists? Array
(
    [term_id] => 210
    [term_taxonomy_id] => 210
)

03-16-2017 @ 06:07:34 - > > (488) Term Men&#039;Clothing (product_cat) exists? Array
(
    [term_id] => 212
    [term_taxonomy_id] => 212
)

03-16-2017 @ 06:07:34 - > > (488) Term T-shirts (product_cat) exists? Array
(
    [term_id] => 213
    [term_taxonomy_id] => 213
)

03-16-2017 @ 06:07:50 - > > (488) Term Men&#039; Fashion (product_cat) exists? Array
(
    [term_id] => 210
    [term_taxonomy_id] => 210
)

03-16-2017 @ 06:07:50 - > > (488) Term Men&#039;Clothing (product_cat) exists? Array
(
    [term_id] => 212
    [term_taxonomy_id] => 212
)

03-16-2017 @ 06:07:50 - > > (488) Term T-shirts (product_cat) exists? Array
(
    [term_id] => 213
    [term_taxonomy_id] => 213
)

03-16-2017 @ 06:10:11 - > > (488) Term Winter Collection (product_cat) exists? Array
(
    [term_id] => 218
    [term_taxonomy_id] => 218
)

03-16-2017 @ 06:10:11 - > > (488) Term Cream (product_cat) exists? Array
(
    [term_id] => 219
    [term_taxonomy_id] => 219
)

03-16-2017 @ 06:10:39 - > > (488) Term Winter Collection (product_cat) exists? Array
(
    [term_id] => 218
    [term_taxonomy_id] => 218
)

03-16-2017 @ 06:10:39 - > > (488) Term Hair Remover (product_cat) exists? Array
(
    [term_id] => 221
    [term_taxonomy_id] => 221
)

03-16-2017 @ 06:10:54 - > > (488) Term Face Wash (product_cat) exists? Array
(
    [term_id] => 220
    [term_taxonomy_id] => 220
)

03-16-2017 @ 06:11:07 - > > (488) Term Mug (product_cat) exists? Array
(
    [term_id] => 214
    [term_taxonomy_id] => 214
)

03-16-2017 @ 06:11:07 - > > (488) Term Magic Mug (product_cat) exists? Array
(
    [term_id] => 215
    [term_taxonomy_id] => 215
)

03-16-2017 @ 06:11:14 - > > (488) Term Rim (product_cat) exists? -
03-16-2017 @ 06:13:55 - > > (488) Term Mug (product_cat) exists? Array
(
    [term_id] => 214
    [term_taxonomy_id] => 214
)

03-16-2017 @ 06:13:55 - > > (488) Term Magic Mug (product_cat) exists? Array
(
    [term_id] => 215
    [term_taxonomy_id] => 215
)

03-16-2017 @ 06:14:01 - > > (488) Term Rim (product_cat) exists? Array
(
    [term_id] => 232
    [term_taxonomy_id] => 232
)

03-16-2017 @ 06:14:05 - > > (488) Term Health &amp; Beauty (product_cat) exists? Array
(
    [term_id] => 173
    [term_taxonomy_id] => 173
)

03-16-2017 @ 06:14:05 - > > (488) Term Perfume &amp; Cologne (product_cat) exists? Array
(
    [term_id] => 188
    [term_taxonomy_id] => 188
)

03-16-2017 @ 06:14:05 - > > (488) Term Men&#039;s Perfumes &amp; Colognes (product_cat) exists? Array
(
    [term_id] => 190
    [term_taxonomy_id] => 190
)

03-16-2017 @ 06:14:11 - > > (488) Term Women&#039;s Perfumes (product_cat) exists? Array
(
    [term_id] => 192
    [term_taxonomy_id] => 192
)

03-16-2017 @ 06:15:05 - > > (488) Term Health &amp; Beauty (product_cat) exists? Array
(
    [term_id] => 173
    [term_taxonomy_id] => 173
)

03-16-2017 @ 06:15:05 - > > (488) Term Cosmetics (product_cat) exists? Array
(
    [term_id] => 176
    [term_taxonomy_id] => 176
)

03-16-2017 @ 06:15:33 - > > (488) Term Health &amp; Beauty (product_cat) exists? Array
(
    [term_id] => 173
    [term_taxonomy_id] => 173
)

03-16-2017 @ 06:15:33 - > > (488) Term Cosmetics (product_cat) exists? Array
(
    [term_id] => 176
    [term_taxonomy_id] => 176
)

03-16-2017 @ 06:16:07 - > > (488) Term Mug (product_cat) exists? Array
(
    [term_id] => 214
    [term_taxonomy_id] => 214
)

03-16-2017 @ 06:16:07 - > > (488) Term Radium (product_cat) exists? -
03-16-2017 @ 06:16:13 - > > (488) Term Rim (product_cat) exists? Array
(
    [term_id] => 232
    [term_taxonomy_id] => 232
)

03-16-2017 @ 06:16:18 - > > (488) Term Perfume &amp; Cologne (product_cat) exists? Array
(
    [term_id] => 188
    [term_taxonomy_id] => 188
)

03-16-2017 @ 06:16:18 - > > (488) Term Men&#039;s Perfumes &amp; Colognes (product_cat) exists? Array
(
    [term_id] => 190
    [term_taxonomy_id] => 190
)

03-16-2017 @ 06:16:26 - > > (488) Term Health &amp; Beauty (product_cat) exists? Array
(
    [term_id] => 173
    [term_taxonomy_id] => 173
)

03-16-2017 @ 06:16:26 - > > (488) Term Perfume &amp; Cologne (product_cat) exists? Array
(
    [term_id] => 188
    [term_taxonomy_id] => 188
)

03-16-2017 @ 06:16:26 - > > (488) Term Men&#039;s Perfumes &amp; Colognes (product_cat) exists? Array
(
    [term_id] => 190
    [term_taxonomy_id] => 190
)

03-16-2017 @ 06:17:16 - > > (488) Term Health &amp; Beauty (product_cat) exists? Array
(
    [term_id] => 173
    [term_taxonomy_id] => 173
)

03-16-2017 @ 06:17:16 - > > (488) Term Perfume &amp; Cologne (product_cat) exists? Array
(
    [term_id] => 188
    [term_taxonomy_id] => 188
)

03-16-2017 @ 06:17:22 - > > (488) Term Men&#039;s Perfumes &amp; Colognes (product_cat) exists? Array
(
    [term_id] => 190
    [term_taxonomy_id] => 190
)

03-16-2017 @ 06:17:31 - > > (488) Term Women&#039;s Perfumes (product_cat) exists? Array
(
    [term_id] => 192
    [term_taxonomy_id] => 192
)

03-16-2017 @ 06:17:58 - > > (488) Term Skin Care (product_cat) exists? Array
(
    [term_id] => 194
    [term_taxonomy_id] => 194
)

03-16-2017 @ 06:17:58 - > > (488) Term Body Powder (product_cat) exists? Array
(
    [term_id] => 198
    [term_taxonomy_id] => 198
)

03-16-2017 @ 06:18:07 - > > (488) Term Health &amp; Beauty (product_cat) exists? Array
(
    [term_id] => 173
    [term_taxonomy_id] => 173
)

03-16-2017 @ 06:18:07 - > > (488) Term Skin Care (product_cat) exists? Array
(
    [term_id] => 194
    [term_taxonomy_id] => 194
)

03-16-2017 @ 06:18:07 - > > (488) Term Body Powder (product_cat) exists? Array
(
    [term_id] => 198
    [term_taxonomy_id] => 198
)

03-16-2017 @ 06:18:12 - > > (488) Term Health Care (product_cat) exists? Array
(
    [term_id] => 177
    [term_taxonomy_id] => 177
)

03-16-2017 @ 06:18:17 - > > (488) Term Perfume &amp; Cologne (product_cat) exists? Array
(
    [term_id] => 188
    [term_taxonomy_id] => 188
)

03-16-2017 @ 06:18:17 - > > (488) Term Women&#039;s Perfumes (product_cat) exists? Array
(
    [term_id] => 192
    [term_taxonomy_id] => 192
)

03-16-2017 @ 06:18:23 - > > (488) Term Men&#039;s Perfumes &amp; Colognes (product_cat) exists? Array
(
    [term_id] => 190
    [term_taxonomy_id] => 190
)

03-16-2017 @ 06:19:20 - > > (488) Term Health &amp; Beauty (product_cat) exists? Array
(
    [term_id] => 173
    [term_taxonomy_id] => 173
)

03-16-2017 @ 06:19:20 - > > (488) Term Perfume &amp; Cologne (product_cat) exists? Array
(
    [term_id] => 188
    [term_taxonomy_id] => 188
)

03-16-2017 @ 06:19:20 - > > (488) Term Men&#039;s Perfumes &amp; Colognes (product_cat) exists? Array
(
    [term_id] => 190
    [term_taxonomy_id] => 190
)

03-16-2017 @ 06:19:26 - > > (488) Term Women&#039;s Perfumes (product_cat) exists? Array
(
    [term_id] => 192
    [term_taxonomy_id] => 192
)

03-16-2017 @ 06:20:39 - > > (488) Term Health &amp; Beauty (product_cat) exists? Array
(
    [term_id] => 173
    [term_taxonomy_id] => 173
)

03-16-2017 @ 06:20:39 - > > (488) Term Skin Care (product_cat) exists? Array
(
    [term_id] => 194
    [term_taxonomy_id] => 194
)

03-16-2017 @ 06:20:39 - > > (488) Term Body Oil (product_cat) exists? Array
(
    [term_id] => 197
    [term_taxonomy_id] => 197
)

03-16-2017 @ 06:21:08 - > > (488) Term Perfume &amp; Cologne (product_cat) exists? Array
(
    [term_id] => 188
    [term_taxonomy_id] => 188
)

03-16-2017 @ 06:21:08 - > > (488) Term Women&#039;s Perfumes (product_cat) exists? Array
(
    [term_id] => 192
    [term_taxonomy_id] => 192
)

03-16-2017 @ 06:21:25 - > > (488) Term Men&#039;s Perfumes &amp; Colognes (product_cat) exists? Array
(
    [term_id] => 190
    [term_taxonomy_id] => 190
)

03-16-2017 @ 06:21:35 - > > (488) Term Health &amp; Beauty (product_cat) exists? Array
(
    [term_id] => 173
    [term_taxonomy_id] => 173
)

03-16-2017 @ 06:21:35 - > > (488) Term Perfume &amp; Cologne (product_cat) exists? Array
(
    [term_id] => 188
    [term_taxonomy_id] => 188
)

03-16-2017 @ 06:21:35 - > > (488) Term Men&#039;s Perfumes &amp; Colognes (product_cat) exists? Array
(
    [term_id] => 190
    [term_taxonomy_id] => 190
)

03-16-2017 @ 06:21:46 - > > (488) Term Mug (product_cat) exists? Array
(
    [term_id] => 214
    [term_taxonomy_id] => 214
)

03-16-2017 @ 06:21:46 - > > (488) Term Magic Mug (product_cat) exists? Array
(
    [term_id] => 215
    [term_taxonomy_id] => 215
)

